D:\USERS\WINGO\TEACHING\OBJECTORIENTEDPROGRAMMING\ASSIGNMENTS\HW01_201802\OOP_HW01_SOLUTION_NET2010_201802\BIN\RELEASE\MYFIRSTSYSTEM.EXE
D:\users\wingo\teaching\ObjectOrientedProgramming\assignments\hw01_201802\OOP_HW01_Solution_NET2010_201802\Release\asm.vcxprojResolveAssemblyReference.cache
D:\USERS\WINGO\TEACHING\OBJECTORIENTEDPROGRAMMING\ASSIGNMENTS\HW01_201802\OOP_HW01_SOLUTION_NET2010_201802\RELEASE\BASIC_APP.OBJ
D:\USERS\WINGO\TEACHING\OBJECTORIENTEDPROGRAMMING\ASSIGNMENTS\HW01_201802\OOP_HW01_SOLUTION_NET2010_201802\RELEASE\BASIC_TOOLS.OBJ
D:\USERS\WINGO\TEACHING\OBJECTORIENTEDPROGRAMMING\ASSIGNMENTS\HW01_201802\OOP_HW01_SOLUTION_NET2010_201802\RELEASE\BG_GRID2D.OBJ
D:\USERS\WINGO\TEACHING\OBJECTORIENTEDPROGRAMMING\ASSIGNMENTS\HW01_201802\OOP_HW01_SOLUTION_NET2010_201802\RELEASE\BOARDGAME.OBJ
D:\USERS\WINGO\TEACHING\OBJECTORIENTEDPROGRAMMING\ASSIGNMENTS\HW01_201802\OOP_HW01_SOLUTION_NET2010_201802\RELEASE\BOARDGAMEAPP.OBJ
D:\USERS\WINGO\TEACHING\OBJECTORIENTEDPROGRAMMING\ASSIGNMENTS\HW01_201802\OOP_HW01_SOLUTION_NET2010_201802\RELEASE\CAMERA.OBJ
D:\users\wingo\teaching\ObjectOrientedProgramming\assignments\hw01_201802\OOP_HW01_Solution_NET2010_201802\Release\cl.command.1.tlog
D:\users\wingo\teaching\ObjectOrientedProgramming\assignments\hw01_201802\OOP_HW01_Solution_NET2010_201802\Release\CL.read.1.tlog
D:\users\wingo\teaching\ObjectOrientedProgramming\assignments\hw01_201802\OOP_HW01_Solution_NET2010_201802\Release\CL.write.1.tlog
D:\USERS\WINGO\TEACHING\OBJECTORIENTEDPROGRAMMING\ASSIGNMENTS\HW01_201802\OOP_HW01_SOLUTION_NET2010_201802\RELEASE\FILEREADER.OBJ
D:\USERS\WINGO\TEACHING\OBJECTORIENTEDPROGRAMMING\ASSIGNMENTS\HW01_201802\OOP_HW01_SOLUTION_NET2010_201802\RELEASE\FREECANVAS2D.OBJ
D:\USERS\WINGO\TEACHING\OBJECTORIENTEDPROGRAMMING\ASSIGNMENTS\HW01_201802\OOP_HW01_SOLUTION_NET2010_201802\RELEASE\GRID2D.OBJ
D:\USERS\WINGO\TEACHING\OBJECTORIENTEDPROGRAMMING\ASSIGNMENTS\HW01_201802\OOP_HW01_SOLUTION_NET2010_201802\RELEASE\IMAGEREADER.OBJ
D:\USERS\WINGO\TEACHING\OBJECTORIENTEDPROGRAMMING\ASSIGNMENTS\HW01_201802\OOP_HW01_SOLUTION_NET2010_201802\RELEASE\LATTICE_MANAGER.OBJ
D:\users\wingo\teaching\ObjectOrientedProgramming\assignments\hw01_201802\OOP_HW01_Solution_NET2010_201802\Release\link.command.1.tlog
D:\users\wingo\teaching\ObjectOrientedProgramming\assignments\hw01_201802\OOP_HW01_Solution_NET2010_201802\Release\link.read.1.tlog
D:\users\wingo\teaching\ObjectOrientedProgramming\assignments\hw01_201802\OOP_HW01_Solution_NET2010_201802\Release\link.write.1.tlog
D:\USERS\WINGO\TEACHING\OBJECTORIENTEDPROGRAMMING\ASSIGNMENTS\HW01_201802\OOP_HW01_SOLUTION_NET2010_201802\RELEASE\MAIN.OBJ
D:\users\wingo\teaching\ObjectOrientedProgramming\assignments\hw01_201802\OOP_HW01_Solution_NET2010_201802\Release\mt.command.1.tlog
D:\users\wingo\teaching\ObjectOrientedProgramming\assignments\hw01_201802\OOP_HW01_Solution_NET2010_201802\Release\mt.read.1.tlog
D:\users\wingo\teaching\ObjectOrientedProgramming\assignments\hw01_201802\OOP_HW01_Solution_NET2010_201802\Release\mt.write.1.tlog
D:\USERS\WINGO\TEACHING\OBJECTORIENTEDPROGRAMMING\ASSIGNMENTS\HW01_201802\OOP_HW01_SOLUTION_NET2010_201802\RELEASE\MYFIRSTSYSTEM.EXE.INTERMEDIATE.MANIFEST
D:\USERS\WINGO\TEACHING\OBJECTORIENTEDPROGRAMMING\ASSIGNMENTS\HW01_201802\OOP_HW01_SOLUTION_NET2010_201802\RELEASE\MYFIRSTSYSTEM.PDB
D:\users\wingo\teaching\ObjectOrientedProgramming\assignments\hw01_201802\OOP_HW01_Solution_NET2010_201802\Release\myFirstSystem.write.1.tlog
D:\USERS\WINGO\TEACHING\OBJECTORIENTEDPROGRAMMING\ASSIGNMENTS\HW01_201802\OOP_HW01_SOLUTION_NET2010_201802\RELEASE\MYSYSTEM_CUBICFUNCTION.OBJ
D:\USERS\WINGO\TEACHING\OBJECTORIENTEDPROGRAMMING\ASSIGNMENTS\HW01_201802\OOP_HW01_SOLUTION_NET2010_201802\RELEASE\MYSYSTEM_MONTECARLO.OBJ
D:\USERS\WINGO\TEACHING\OBJECTORIENTEDPROGRAMMING\ASSIGNMENTS\HW01_201802\OOP_HW01_SOLUTION_NET2010_201802\RELEASE\MYSYSTEM_SINECOSINEFUNCTION.OBJ
D:\USERS\WINGO\TEACHING\OBJECTORIENTEDPROGRAMMING\ASSIGNMENTS\HW01_201802\OOP_HW01_SOLUTION_NET2010_201802\RELEASE\MYSYSTEM_STUDENTRECORDMANAGER.OBJ
D:\USERS\WINGO\TEACHING\OBJECTORIENTEDPROGRAMMING\ASSIGNMENTS\HW01_201802\OOP_HW01_SOLUTION_NET2010_201802\RELEASE\MYSYSTEMAPP.OBJ
D:\USERS\WINGO\TEACHING\OBJECTORIENTEDPROGRAMMING\ASSIGNMENTS\HW01_201802\OOP_HW01_SOLUTION_NET2010_201802\RELEASE\MYSYSTEMAPP_DRAW.OBJ
D:\USERS\WINGO\TEACHING\OBJECTORIENTEDPROGRAMMING\ASSIGNMENTS\HW01_201802\OOP_HW01_SOLUTION_NET2010_201802\RELEASE\MYSYSTEMAPP_HANDLEEVENTS.OBJ
D:\USERS\WINGO\TEACHING\OBJECTORIENTEDPROGRAMMING\ASSIGNMENTS\HW01_201802\OOP_HW01_SOLUTION_NET2010_201802\RELEASE\OPENGL_STUFF.OBJ
D:\USERS\WINGO\TEACHING\OBJECTORIENTEDPROGRAMMING\ASSIGNMENTS\HW01_201802\OOP_HW01_SOLUTION_NET2010_201802\RELEASE\OPENGLAPP.EVENTS.OBJ
D:\USERS\WINGO\TEACHING\OBJECTORIENTEDPROGRAMMING\ASSIGNMENTS\HW01_201802\OOP_HW01_SOLUTION_NET2010_201802\RELEASE\OPENGLAPP.OBJ
D:\USERS\WINGO\TEACHING\OBJECTORIENTEDPROGRAMMING\ASSIGNMENTS\HW01_201802\OOP_HW01_SOLUTION_NET2010_201802\RELEASE\OPENGLAPP_DRAW.OBJ
D:\USERS\WINGO\TEACHING\OBJECTORIENTEDPROGRAMMING\ASSIGNMENTS\HW01_201802\OOP_HW01_SOLUTION_NET2010_201802\RELEASE\OPENGLAPP_INIT.OBJ
D:\USERS\WINGO\TEACHING\OBJECTORIENTEDPROGRAMMING\ASSIGNMENTS\HW01_201802\OOP_HW01_SOLUTION_NET2010_201802\RELEASE\OPENGLAPP_UPDATE.OBJ
D:\USERS\WINGO\TEACHING\OBJECTORIENTEDPROGRAMMING\ASSIGNMENTS\HW01_201802\OOP_HW01_SOLUTION_NET2010_201802\RELEASE\PAINTER.OBJ
D:\USERS\WINGO\TEACHING\OBJECTORIENTEDPROGRAMMING\ASSIGNMENTS\HW01_201802\OOP_HW01_SOLUTION_NET2010_201802\RELEASE\PAINTER_DRAW.OBJ
D:\USERS\WINGO\TEACHING\OBJECTORIENTEDPROGRAMMING\ASSIGNMENTS\HW01_201802\OOP_HW01_SOLUTION_NET2010_201802\RELEASE\PAINTINGSYSTEM.OBJ
D:\USERS\WINGO\TEACHING\OBJECTORIENTEDPROGRAMMING\ASSIGNMENTS\HW01_201802\OOP_HW01_SOLUTION_NET2010_201802\RELEASE\PAINTINGSYSTEMAPP.OBJ
D:\USERS\WINGO\TEACHING\OBJECTORIENTEDPROGRAMMING\ASSIGNMENTS\HW01_201802\OOP_HW01_SOLUTION_NET2010_201802\RELEASE\PAINTINGSYSTEMAPP_DRAW.OBJ
D:\USERS\WINGO\TEACHING\OBJECTORIENTEDPROGRAMMING\ASSIGNMENTS\HW01_201802\OOP_HW01_SOLUTION_NET2010_201802\RELEASE\PAINTINGSYSTEMAPP_HANDLEEVENTS.OBJ
D:\USERS\WINGO\TEACHING\OBJECTORIENTEDPROGRAMMING\ASSIGNMENTS\HW01_201802\OOP_HW01_SOLUTION_NET2010_201802\RELEASE\PROVIDER.OBJ
D:\USERS\WINGO\TEACHING\OBJECTORIENTEDPROGRAMMING\ASSIGNMENTS\HW01_201802\OOP_HW01_SOLUTION_NET2010_201802\RELEASE\TEXTURE.OBJ
D:\USERS\WINGO\TEACHING\OBJECTORIENTEDPROGRAMMING\ASSIGNMENTS\HW01_201802\OOP_HW01_SOLUTION_NET2010_201802\RELEASE\TEXTUREMANAGER.OBJ
D:\USERS\WINGO\TEACHING\OBJECTORIENTEDPROGRAMMING\ASSIGNMENTS\HW01_201802\OOP_HW01_SOLUTION_NET2010_201802\RELEASE\TEXTUREMANAGER_READ.OBJ
D:\USERS\WINGO\TEACHING\OBJECTORIENTEDPROGRAMMING\ASSIGNMENTS\HW01_201802\OOP_HW01_SOLUTION_NET2010_201802\RELEASE\VC100.PDB
D:\USERS\WINGO\TEACHING\OBJECTORIENTEDPROGRAMMING\ASSIGNMENTS\HW01_201802\OOP_HW01_SOLUTION_NET2010_201802\RELEASE\VECTOR3D.OBJ
D:\USERS\WINGO\TEACHING\OBJECTORIENTEDPROGRAMMING\ASSIGNMENTS\OOP_ASSIGNMENTTEMPLATE_NET2010\BIN\RELEASE\MYFIRSTSYSTEM.EXE
D:\USERS\WINGO\TEACHING\OBJECTORIENTEDPROGRAMMING\ASSIGNMENTS\OOP_ASSIGNMENTTEMPLATE_NET2010\RELEASE\BASIC_APP.OBJ
D:\USERS\WINGO\TEACHING\OBJECTORIENTEDPROGRAMMING\ASSIGNMENTS\OOP_ASSIGNMENTTEMPLATE_NET2010\RELEASE\BASIC_TOOLS.OBJ
D:\USERS\WINGO\TEACHING\OBJECTORIENTEDPROGRAMMING\ASSIGNMENTS\OOP_ASSIGNMENTTEMPLATE_NET2010\RELEASE\BG_GRID2D.OBJ
D:\USERS\WINGO\TEACHING\OBJECTORIENTEDPROGRAMMING\ASSIGNMENTS\OOP_ASSIGNMENTTEMPLATE_NET2010\RELEASE\BOARDGAME.OBJ
D:\USERS\WINGO\TEACHING\OBJECTORIENTEDPROGRAMMING\ASSIGNMENTS\OOP_ASSIGNMENTTEMPLATE_NET2010\RELEASE\BOARDGAMEAPP.OBJ
D:\USERS\WINGO\TEACHING\OBJECTORIENTEDPROGRAMMING\ASSIGNMENTS\OOP_ASSIGNMENTTEMPLATE_NET2010\RELEASE\CAMERA.OBJ
D:\USERS\WINGO\TEACHING\OBJECTORIENTEDPROGRAMMING\ASSIGNMENTS\OOP_ASSIGNMENTTEMPLATE_NET2010\RELEASE\FILEREADER.OBJ
D:\USERS\WINGO\TEACHING\OBJECTORIENTEDPROGRAMMING\ASSIGNMENTS\OOP_ASSIGNMENTTEMPLATE_NET2010\RELEASE\FREECANVAS2D.OBJ
D:\USERS\WINGO\TEACHING\OBJECTORIENTEDPROGRAMMING\ASSIGNMENTS\OOP_ASSIGNMENTTEMPLATE_NET2010\RELEASE\GRID2D.OBJ
D:\USERS\WINGO\TEACHING\OBJECTORIENTEDPROGRAMMING\ASSIGNMENTS\OOP_ASSIGNMENTTEMPLATE_NET2010\RELEASE\IMAGEREADER.OBJ
D:\USERS\WINGO\TEACHING\OBJECTORIENTEDPROGRAMMING\ASSIGNMENTS\OOP_ASSIGNMENTTEMPLATE_NET2010\RELEASE\LATTICE_MANAGER.OBJ
D:\USERS\WINGO\TEACHING\OBJECTORIENTEDPROGRAMMING\ASSIGNMENTS\OOP_ASSIGNMENTTEMPLATE_NET2010\RELEASE\MAIN.OBJ
D:\USERS\WINGO\TEACHING\OBJECTORIENTEDPROGRAMMING\ASSIGNMENTS\OOP_ASSIGNMENTTEMPLATE_NET2010\RELEASE\MYFIRSTSYSTEM.EXE.INTERMEDIATE.MANIFEST
D:\USERS\WINGO\TEACHING\OBJECTORIENTEDPROGRAMMING\ASSIGNMENTS\OOP_ASSIGNMENTTEMPLATE_NET2010\RELEASE\MYFIRSTSYSTEM.PDB
D:\USERS\WINGO\TEACHING\OBJECTORIENTEDPROGRAMMING\ASSIGNMENTS\OOP_ASSIGNMENTTEMPLATE_NET2010\RELEASE\MYSYSTEM_CUBICFUNCTION.OBJ
D:\USERS\WINGO\TEACHING\OBJECTORIENTEDPROGRAMMING\ASSIGNMENTS\OOP_ASSIGNMENTTEMPLATE_NET2010\RELEASE\MYSYSTEM_MONTECARLO.OBJ
D:\USERS\WINGO\TEACHING\OBJECTORIENTEDPROGRAMMING\ASSIGNMENTS\OOP_ASSIGNMENTTEMPLATE_NET2010\RELEASE\MYSYSTEM_QUADRATICFUNCTION.OBJ
D:\USERS\WINGO\TEACHING\OBJECTORIENTEDPROGRAMMING\ASSIGNMENTS\OOP_ASSIGNMENTTEMPLATE_NET2010\RELEASE\MYSYSTEM_STUDENTRECORDMANAGER.OBJ
D:\USERS\WINGO\TEACHING\OBJECTORIENTEDPROGRAMMING\ASSIGNMENTS\OOP_ASSIGNMENTTEMPLATE_NET2010\RELEASE\MYSYSTEMAPP.OBJ
D:\USERS\WINGO\TEACHING\OBJECTORIENTEDPROGRAMMING\ASSIGNMENTS\OOP_ASSIGNMENTTEMPLATE_NET2010\RELEASE\MYSYSTEMAPP_DRAW.OBJ
D:\USERS\WINGO\TEACHING\OBJECTORIENTEDPROGRAMMING\ASSIGNMENTS\OOP_ASSIGNMENTTEMPLATE_NET2010\RELEASE\MYSYSTEMAPP_HANDLEEVENTS.OBJ
D:\USERS\WINGO\TEACHING\OBJECTORIENTEDPROGRAMMING\ASSIGNMENTS\OOP_ASSIGNMENTTEMPLATE_NET2010\RELEASE\OPENGL_STUFF.OBJ
D:\USERS\WINGO\TEACHING\OBJECTORIENTEDPROGRAMMING\ASSIGNMENTS\OOP_ASSIGNMENTTEMPLATE_NET2010\RELEASE\OPENGLAPP.EVENTS.OBJ
D:\USERS\WINGO\TEACHING\OBJECTORIENTEDPROGRAMMING\ASSIGNMENTS\OOP_ASSIGNMENTTEMPLATE_NET2010\RELEASE\OPENGLAPP.OBJ
D:\USERS\WINGO\TEACHING\OBJECTORIENTEDPROGRAMMING\ASSIGNMENTS\OOP_ASSIGNMENTTEMPLATE_NET2010\RELEASE\OPENGLAPP_DRAW.OBJ
D:\USERS\WINGO\TEACHING\OBJECTORIENTEDPROGRAMMING\ASSIGNMENTS\OOP_ASSIGNMENTTEMPLATE_NET2010\RELEASE\OPENGLAPP_INIT.OBJ
D:\USERS\WINGO\TEACHING\OBJECTORIENTEDPROGRAMMING\ASSIGNMENTS\OOP_ASSIGNMENTTEMPLATE_NET2010\RELEASE\OPENGLAPP_UPDATE.OBJ
D:\USERS\WINGO\TEACHING\OBJECTORIENTEDPROGRAMMING\ASSIGNMENTS\OOP_ASSIGNMENTTEMPLATE_NET2010\RELEASE\PAINTER.OBJ
D:\USERS\WINGO\TEACHING\OBJECTORIENTEDPROGRAMMING\ASSIGNMENTS\OOP_ASSIGNMENTTEMPLATE_NET2010\RELEASE\PAINTER_DRAW.OBJ
D:\USERS\WINGO\TEACHING\OBJECTORIENTEDPROGRAMMING\ASSIGNMENTS\OOP_ASSIGNMENTTEMPLATE_NET2010\RELEASE\PAINTINGSYSTEM.OBJ
D:\USERS\WINGO\TEACHING\OBJECTORIENTEDPROGRAMMING\ASSIGNMENTS\OOP_ASSIGNMENTTEMPLATE_NET2010\RELEASE\PAINTINGSYSTEMAPP.OBJ
D:\USERS\WINGO\TEACHING\OBJECTORIENTEDPROGRAMMING\ASSIGNMENTS\OOP_ASSIGNMENTTEMPLATE_NET2010\RELEASE\PAINTINGSYSTEMAPP_DRAW.OBJ
D:\USERS\WINGO\TEACHING\OBJECTORIENTEDPROGRAMMING\ASSIGNMENTS\OOP_ASSIGNMENTTEMPLATE_NET2010\RELEASE\PAINTINGSYSTEMAPP_HANDLEEVENTS.OBJ
D:\USERS\WINGO\TEACHING\OBJECTORIENTEDPROGRAMMING\ASSIGNMENTS\OOP_ASSIGNMENTTEMPLATE_NET2010\RELEASE\PROVIDER.OBJ
D:\USERS\WINGO\TEACHING\OBJECTORIENTEDPROGRAMMING\ASSIGNMENTS\OOP_ASSIGNMENTTEMPLATE_NET2010\RELEASE\TEXTURE.OBJ
D:\USERS\WINGO\TEACHING\OBJECTORIENTEDPROGRAMMING\ASSIGNMENTS\OOP_ASSIGNMENTTEMPLATE_NET2010\RELEASE\TEXTUREMANAGER.OBJ
D:\USERS\WINGO\TEACHING\OBJECTORIENTEDPROGRAMMING\ASSIGNMENTS\OOP_ASSIGNMENTTEMPLATE_NET2010\RELEASE\TEXTUREMANAGER_READ.OBJ
D:\USERS\WINGO\TEACHING\OBJECTORIENTEDPROGRAMMING\ASSIGNMENTS\OOP_ASSIGNMENTTEMPLATE_NET2010\RELEASE\VC100.PDB
D:\USERS\WINGO\TEACHING\OBJECTORIENTEDPROGRAMMING\ASSIGNMENTS\OOP_ASSIGNMENTTEMPLATE_NET2010\RELEASE\VECTOR3D.OBJ
D:\USERS\WINGO\TEACHING\OBJECTORIENTEDPROGRAMMING\ASSIGNMENTS\OOP_HW01_SOLUTION_NET2010\BIN\RELEASE\MYFIRSTSYSTEM.EXE
D:\USERS\WINGO\TEACHING\OBJECTORIENTEDPROGRAMMING\ASSIGNMENTS\OOP_HW01_SOLUTION_NET2010\RELEASE\BASIC_APP.OBJ
D:\USERS\WINGO\TEACHING\OBJECTORIENTEDPROGRAMMING\ASSIGNMENTS\OOP_HW01_SOLUTION_NET2010\RELEASE\BASIC_TOOLS.OBJ
D:\USERS\WINGO\TEACHING\OBJECTORIENTEDPROGRAMMING\ASSIGNMENTS\OOP_HW01_SOLUTION_NET2010\RELEASE\BG_GRID2D.OBJ
D:\USERS\WINGO\TEACHING\OBJECTORIENTEDPROGRAMMING\ASSIGNMENTS\OOP_HW01_SOLUTION_NET2010\RELEASE\BOARDGAME.OBJ
D:\USERS\WINGO\TEACHING\OBJECTORIENTEDPROGRAMMING\ASSIGNMENTS\OOP_HW01_SOLUTION_NET2010\RELEASE\BOARDGAMEAPP.OBJ
D:\USERS\WINGO\TEACHING\OBJECTORIENTEDPROGRAMMING\ASSIGNMENTS\OOP_HW01_SOLUTION_NET2010\RELEASE\CAMERA.OBJ
D:\USERS\WINGO\TEACHING\OBJECTORIENTEDPROGRAMMING\ASSIGNMENTS\OOP_HW01_SOLUTION_NET2010\RELEASE\FILEREADER.OBJ
D:\USERS\WINGO\TEACHING\OBJECTORIENTEDPROGRAMMING\ASSIGNMENTS\OOP_HW01_SOLUTION_NET2010\RELEASE\FREECANVAS2D.OBJ
D:\USERS\WINGO\TEACHING\OBJECTORIENTEDPROGRAMMING\ASSIGNMENTS\OOP_HW01_SOLUTION_NET2010\RELEASE\GRID2D.OBJ
D:\USERS\WINGO\TEACHING\OBJECTORIENTEDPROGRAMMING\ASSIGNMENTS\OOP_HW01_SOLUTION_NET2010\RELEASE\IMAGEREADER.OBJ
D:\USERS\WINGO\TEACHING\OBJECTORIENTEDPROGRAMMING\ASSIGNMENTS\OOP_HW01_SOLUTION_NET2010\RELEASE\LATTICE_MANAGER.OBJ
D:\USERS\WINGO\TEACHING\OBJECTORIENTEDPROGRAMMING\ASSIGNMENTS\OOP_HW01_SOLUTION_NET2010\RELEASE\MAIN.OBJ
D:\USERS\WINGO\TEACHING\OBJECTORIENTEDPROGRAMMING\ASSIGNMENTS\OOP_HW01_SOLUTION_NET2010\RELEASE\MYFIRSTSYSTEM.EXE.INTERMEDIATE.MANIFEST
D:\USERS\WINGO\TEACHING\OBJECTORIENTEDPROGRAMMING\ASSIGNMENTS\OOP_HW01_SOLUTION_NET2010\RELEASE\MYFIRSTSYSTEM.PDB
D:\USERS\WINGO\TEACHING\OBJECTORIENTEDPROGRAMMING\ASSIGNMENTS\OOP_HW01_SOLUTION_NET2010\RELEASE\MYSYSTEM_CUBICFUNCTION.OBJ
D:\USERS\WINGO\TEACHING\OBJECTORIENTEDPROGRAMMING\ASSIGNMENTS\OOP_HW01_SOLUTION_NET2010\RELEASE\MYSYSTEM_MONTECARLO.OBJ
D:\USERS\WINGO\TEACHING\OBJECTORIENTEDPROGRAMMING\ASSIGNMENTS\OOP_HW01_SOLUTION_NET2010\RELEASE\MYSYSTEM_QUADRATICFUNCTION.OBJ
D:\USERS\WINGO\TEACHING\OBJECTORIENTEDPROGRAMMING\ASSIGNMENTS\OOP_HW01_SOLUTION_NET2010\RELEASE\MYSYSTEM_STUDENTRECORDMANAGER.OBJ
D:\USERS\WINGO\TEACHING\OBJECTORIENTEDPROGRAMMING\ASSIGNMENTS\OOP_HW01_SOLUTION_NET2010\RELEASE\MYSYSTEMAPP.OBJ
D:\USERS\WINGO\TEACHING\OBJECTORIENTEDPROGRAMMING\ASSIGNMENTS\OOP_HW01_SOLUTION_NET2010\RELEASE\MYSYSTEMAPP_DRAW.OBJ
D:\USERS\WINGO\TEACHING\OBJECTORIENTEDPROGRAMMING\ASSIGNMENTS\OOP_HW01_SOLUTION_NET2010\RELEASE\MYSYSTEMAPP_HANDLEEVENTS.OBJ
D:\USERS\WINGO\TEACHING\OBJECTORIENTEDPROGRAMMING\ASSIGNMENTS\OOP_HW01_SOLUTION_NET2010\RELEASE\OPENGL_STUFF.OBJ
D:\USERS\WINGO\TEACHING\OBJECTORIENTEDPROGRAMMING\ASSIGNMENTS\OOP_HW01_SOLUTION_NET2010\RELEASE\OPENGLAPP.EVENTS.OBJ
D:\USERS\WINGO\TEACHING\OBJECTORIENTEDPROGRAMMING\ASSIGNMENTS\OOP_HW01_SOLUTION_NET2010\RELEASE\OPENGLAPP.OBJ
D:\USERS\WINGO\TEACHING\OBJECTORIENTEDPROGRAMMING\ASSIGNMENTS\OOP_HW01_SOLUTION_NET2010\RELEASE\OPENGLAPP_DRAW.OBJ
D:\USERS\WINGO\TEACHING\OBJECTORIENTEDPROGRAMMING\ASSIGNMENTS\OOP_HW01_SOLUTION_NET2010\RELEASE\OPENGLAPP_INIT.OBJ
D:\USERS\WINGO\TEACHING\OBJECTORIENTEDPROGRAMMING\ASSIGNMENTS\OOP_HW01_SOLUTION_NET2010\RELEASE\OPENGLAPP_UPDATE.OBJ
D:\USERS\WINGO\TEACHING\OBJECTORIENTEDPROGRAMMING\ASSIGNMENTS\OOP_HW01_SOLUTION_NET2010\RELEASE\PAINTER.OBJ
D:\USERS\WINGO\TEACHING\OBJECTORIENTEDPROGRAMMING\ASSIGNMENTS\OOP_HW01_SOLUTION_NET2010\RELEASE\PAINTER_DRAW.OBJ
D:\USERS\WINGO\TEACHING\OBJECTORIENTEDPROGRAMMING\ASSIGNMENTS\OOP_HW01_SOLUTION_NET2010\RELEASE\PAINTINGSYSTEM.OBJ
D:\USERS\WINGO\TEACHING\OBJECTORIENTEDPROGRAMMING\ASSIGNMENTS\OOP_HW01_SOLUTION_NET2010\RELEASE\PAINTINGSYSTEMAPP.OBJ
D:\USERS\WINGO\TEACHING\OBJECTORIENTEDPROGRAMMING\ASSIGNMENTS\OOP_HW01_SOLUTION_NET2010\RELEASE\PAINTINGSYSTEMAPP_DRAW.OBJ
D:\USERS\WINGO\TEACHING\OBJECTORIENTEDPROGRAMMING\ASSIGNMENTS\OOP_HW01_SOLUTION_NET2010\RELEASE\PAINTINGSYSTEMAPP_HANDLEEVENTS.OBJ
D:\USERS\WINGO\TEACHING\OBJECTORIENTEDPROGRAMMING\ASSIGNMENTS\OOP_HW01_SOLUTION_NET2010\RELEASE\PROVIDER.OBJ
D:\USERS\WINGO\TEACHING\OBJECTORIENTEDPROGRAMMING\ASSIGNMENTS\OOP_HW01_SOLUTION_NET2010\RELEASE\TEXTURE.OBJ
D:\USERS\WINGO\TEACHING\OBJECTORIENTEDPROGRAMMING\ASSIGNMENTS\OOP_HW01_SOLUTION_NET2010\RELEASE\TEXTUREMANAGER.OBJ
D:\USERS\WINGO\TEACHING\OBJECTORIENTEDPROGRAMMING\ASSIGNMENTS\OOP_HW01_SOLUTION_NET2010\RELEASE\TEXTUREMANAGER_READ.OBJ
D:\USERS\WINGO\TEACHING\OBJECTORIENTEDPROGRAMMING\ASSIGNMENTS\OOP_HW01_SOLUTION_NET2010\RELEASE\VC100.PDB
D:\USERS\WINGO\TEACHING\OBJECTORIENTEDPROGRAMMING\ASSIGNMENTS\OOP_HW01_SOLUTION_NET2010\RELEASE\VECTOR3D.OBJ
D:\USERS\WINGO\TEACHING\OBJECTORIENTEDPROGRAMMING\ASSIGNMENTS\OOP_HW01_SOLUTION_NET2010_201702\BIN\RELEASE\MYFIRSTSYSTEM.EXE
D:\USERS\WINGO\TEACHING\OBJECTORIENTEDPROGRAMMING\ASSIGNMENTS\OOP_HW01_SOLUTION_NET2010_201702\RELEASE\BASIC_APP.OBJ
D:\USERS\WINGO\TEACHING\OBJECTORIENTEDPROGRAMMING\ASSIGNMENTS\OOP_HW01_SOLUTION_NET2010_201702\RELEASE\BASIC_TOOLS.OBJ
D:\USERS\WINGO\TEACHING\OBJECTORIENTEDPROGRAMMING\ASSIGNMENTS\OOP_HW01_SOLUTION_NET2010_201702\RELEASE\BG_GRID2D.OBJ
D:\USERS\WINGO\TEACHING\OBJECTORIENTEDPROGRAMMING\ASSIGNMENTS\OOP_HW01_SOLUTION_NET2010_201702\RELEASE\BOARDGAME.OBJ
D:\USERS\WINGO\TEACHING\OBJECTORIENTEDPROGRAMMING\ASSIGNMENTS\OOP_HW01_SOLUTION_NET2010_201702\RELEASE\BOARDGAMEAPP.OBJ
D:\USERS\WINGO\TEACHING\OBJECTORIENTEDPROGRAMMING\ASSIGNMENTS\OOP_HW01_SOLUTION_NET2010_201702\RELEASE\CAMERA.OBJ
D:\USERS\WINGO\TEACHING\OBJECTORIENTEDPROGRAMMING\ASSIGNMENTS\OOP_HW01_SOLUTION_NET2010_201702\RELEASE\FILEREADER.OBJ
D:\USERS\WINGO\TEACHING\OBJECTORIENTEDPROGRAMMING\ASSIGNMENTS\OOP_HW01_SOLUTION_NET2010_201702\RELEASE\FREECANVAS2D.OBJ
D:\USERS\WINGO\TEACHING\OBJECTORIENTEDPROGRAMMING\ASSIGNMENTS\OOP_HW01_SOLUTION_NET2010_201702\RELEASE\GRID2D.OBJ
D:\USERS\WINGO\TEACHING\OBJECTORIENTEDPROGRAMMING\ASSIGNMENTS\OOP_HW01_SOLUTION_NET2010_201702\RELEASE\IMAGEREADER.OBJ
D:\USERS\WINGO\TEACHING\OBJECTORIENTEDPROGRAMMING\ASSIGNMENTS\OOP_HW01_SOLUTION_NET2010_201702\RELEASE\LATTICE_MANAGER.OBJ
D:\USERS\WINGO\TEACHING\OBJECTORIENTEDPROGRAMMING\ASSIGNMENTS\OOP_HW01_SOLUTION_NET2010_201702\RELEASE\MAIN.OBJ
D:\USERS\WINGO\TEACHING\OBJECTORIENTEDPROGRAMMING\ASSIGNMENTS\OOP_HW01_SOLUTION_NET2010_201702\RELEASE\MYFIRSTSYSTEM.EXE.INTERMEDIATE.MANIFEST
D:\USERS\WINGO\TEACHING\OBJECTORIENTEDPROGRAMMING\ASSIGNMENTS\OOP_HW01_SOLUTION_NET2010_201702\RELEASE\MYFIRSTSYSTEM.PDB
D:\USERS\WINGO\TEACHING\OBJECTORIENTEDPROGRAMMING\ASSIGNMENTS\OOP_HW01_SOLUTION_NET2010_201702\RELEASE\MYSYSTEM_CUBICFUNCTION.OBJ
D:\USERS\WINGO\TEACHING\OBJECTORIENTEDPROGRAMMING\ASSIGNMENTS\OOP_HW01_SOLUTION_NET2010_201702\RELEASE\MYSYSTEM_MONTECARLO.OBJ
D:\USERS\WINGO\TEACHING\OBJECTORIENTEDPROGRAMMING\ASSIGNMENTS\OOP_HW01_SOLUTION_NET2010_201702\RELEASE\MYSYSTEM_SINECOSINEFUNCTION.OBJ
D:\USERS\WINGO\TEACHING\OBJECTORIENTEDPROGRAMMING\ASSIGNMENTS\OOP_HW01_SOLUTION_NET2010_201702\RELEASE\MYSYSTEM_STUDENTRECORDMANAGER.OBJ
D:\USERS\WINGO\TEACHING\OBJECTORIENTEDPROGRAMMING\ASSIGNMENTS\OOP_HW01_SOLUTION_NET2010_201702\RELEASE\MYSYSTEMAPP.OBJ
D:\USERS\WINGO\TEACHING\OBJECTORIENTEDPROGRAMMING\ASSIGNMENTS\OOP_HW01_SOLUTION_NET2010_201702\RELEASE\MYSYSTEMAPP_DRAW.OBJ
D:\USERS\WINGO\TEACHING\OBJECTORIENTEDPROGRAMMING\ASSIGNMENTS\OOP_HW01_SOLUTION_NET2010_201702\RELEASE\MYSYSTEMAPP_HANDLEEVENTS.OBJ
D:\USERS\WINGO\TEACHING\OBJECTORIENTEDPROGRAMMING\ASSIGNMENTS\OOP_HW01_SOLUTION_NET2010_201702\RELEASE\OPENGL_STUFF.OBJ
D:\USERS\WINGO\TEACHING\OBJECTORIENTEDPROGRAMMING\ASSIGNMENTS\OOP_HW01_SOLUTION_NET2010_201702\RELEASE\OPENGLAPP.EVENTS.OBJ
D:\USERS\WINGO\TEACHING\OBJECTORIENTEDPROGRAMMING\ASSIGNMENTS\OOP_HW01_SOLUTION_NET2010_201702\RELEASE\OPENGLAPP.OBJ
D:\USERS\WINGO\TEACHING\OBJECTORIENTEDPROGRAMMING\ASSIGNMENTS\OOP_HW01_SOLUTION_NET2010_201702\RELEASE\OPENGLAPP_DRAW.OBJ
D:\USERS\WINGO\TEACHING\OBJECTORIENTEDPROGRAMMING\ASSIGNMENTS\OOP_HW01_SOLUTION_NET2010_201702\RELEASE\OPENGLAPP_INIT.OBJ
D:\USERS\WINGO\TEACHING\OBJECTORIENTEDPROGRAMMING\ASSIGNMENTS\OOP_HW01_SOLUTION_NET2010_201702\RELEASE\OPENGLAPP_UPDATE.OBJ
D:\USERS\WINGO\TEACHING\OBJECTORIENTEDPROGRAMMING\ASSIGNMENTS\OOP_HW01_SOLUTION_NET2010_201702\RELEASE\PAINTER.OBJ
D:\USERS\WINGO\TEACHING\OBJECTORIENTEDPROGRAMMING\ASSIGNMENTS\OOP_HW01_SOLUTION_NET2010_201702\RELEASE\PAINTER_DRAW.OBJ
D:\USERS\WINGO\TEACHING\OBJECTORIENTEDPROGRAMMING\ASSIGNMENTS\OOP_HW01_SOLUTION_NET2010_201702\RELEASE\PAINTINGSYSTEM.OBJ
D:\USERS\WINGO\TEACHING\OBJECTORIENTEDPROGRAMMING\ASSIGNMENTS\OOP_HW01_SOLUTION_NET2010_201702\RELEASE\PAINTINGSYSTEMAPP.OBJ
D:\USERS\WINGO\TEACHING\OBJECTORIENTEDPROGRAMMING\ASSIGNMENTS\OOP_HW01_SOLUTION_NET2010_201702\RELEASE\PAINTINGSYSTEMAPP_DRAW.OBJ
D:\USERS\WINGO\TEACHING\OBJECTORIENTEDPROGRAMMING\ASSIGNMENTS\OOP_HW01_SOLUTION_NET2010_201702\RELEASE\PAINTINGSYSTEMAPP_HANDLEEVENTS.OBJ
D:\USERS\WINGO\TEACHING\OBJECTORIENTEDPROGRAMMING\ASSIGNMENTS\OOP_HW01_SOLUTION_NET2010_201702\RELEASE\PROVIDER.OBJ
D:\USERS\WINGO\TEACHING\OBJECTORIENTEDPROGRAMMING\ASSIGNMENTS\OOP_HW01_SOLUTION_NET2010_201702\RELEASE\TEXTURE.OBJ
D:\USERS\WINGO\TEACHING\OBJECTORIENTEDPROGRAMMING\ASSIGNMENTS\OOP_HW01_SOLUTION_NET2010_201702\RELEASE\TEXTUREMANAGER.OBJ
D:\USERS\WINGO\TEACHING\OBJECTORIENTEDPROGRAMMING\ASSIGNMENTS\OOP_HW01_SOLUTION_NET2010_201702\RELEASE\TEXTUREMANAGER_READ.OBJ
D:\USERS\WINGO\TEACHING\OBJECTORIENTEDPROGRAMMING\ASSIGNMENTS\OOP_HW01_SOLUTION_NET2010_201702\RELEASE\VC100.PDB
D:\USERS\WINGO\TEACHING\OBJECTORIENTEDPROGRAMMING\ASSIGNMENTS\OOP_HW01_SOLUTION_NET2010_201702\RELEASE\VECTOR3D.OBJ
