D:\USERS\WINGO\TEACHING\OBJECTORIENTEDPROGRAMMING\ASSIGNMENTS\HW02_201802\OOP_HW02_TEMPLATE_NET2010_201802\BIN\RELEASE\SELFMOTIVATEDSYSTEM.EXE
D:\users\wingo\teaching\ObjectOrientedProgramming\assignments\hw02_201802\OOP_HW02_Template_NET2010_201802\Release\asm.vcxprojResolveAssemblyReference.cache
D:\USERS\WINGO\TEACHING\OBJECTORIENTEDPROGRAMMING\ASSIGNMENTS\HW02_201802\OOP_HW02_TEMPLATE_NET2010_201802\RELEASE\BASIC_APP.OBJ
D:\USERS\WINGO\TEACHING\OBJECTORIENTEDPROGRAMMING\ASSIGNMENTS\HW02_201802\OOP_HW02_TEMPLATE_NET2010_201802\RELEASE\BASIC_TOOLS.OBJ
D:\USERS\WINGO\TEACHING\OBJECTORIENTEDPROGRAMMING\ASSIGNMENTS\HW02_201802\OOP_HW02_TEMPLATE_NET2010_201802\RELEASE\BG_GRID2D.OBJ
D:\USERS\WINGO\TEACHING\OBJECTORIENTEDPROGRAMMING\ASSIGNMENTS\HW02_201802\OOP_HW02_TEMPLATE_NET2010_201802\RELEASE\BOARDGAME.OBJ
D:\USERS\WINGO\TEACHING\OBJECTORIENTEDPROGRAMMING\ASSIGNMENTS\HW02_201802\OOP_HW02_TEMPLATE_NET2010_201802\RELEASE\BOARDGAMEAPP.OBJ
D:\USERS\WINGO\TEACHING\OBJECTORIENTEDPROGRAMMING\ASSIGNMENTS\HW02_201802\OOP_HW02_TEMPLATE_NET2010_201802\RELEASE\CAMERA.OBJ
D:\users\wingo\teaching\ObjectOrientedProgramming\assignments\hw02_201802\OOP_HW02_Template_NET2010_201802\Release\cl.command.1.tlog
D:\users\wingo\teaching\ObjectOrientedProgramming\assignments\hw02_201802\OOP_HW02_Template_NET2010_201802\Release\CL.read.1.tlog
D:\users\wingo\teaching\ObjectOrientedProgramming\assignments\hw02_201802\OOP_HW02_Template_NET2010_201802\Release\CL.write.1.tlog
D:\USERS\WINGO\TEACHING\OBJECTORIENTEDPROGRAMMING\ASSIGNMENTS\HW02_201802\OOP_HW02_TEMPLATE_NET2010_201802\RELEASE\FILEREADER.OBJ
D:\USERS\WINGO\TEACHING\OBJECTORIENTEDPROGRAMMING\ASSIGNMENTS\HW02_201802\OOP_HW02_TEMPLATE_NET2010_201802\RELEASE\FREECANVAS2D.OBJ
D:\USERS\WINGO\TEACHING\OBJECTORIENTEDPROGRAMMING\ASSIGNMENTS\HW02_201802\OOP_HW02_TEMPLATE_NET2010_201802\RELEASE\GRID2D.OBJ
D:\USERS\WINGO\TEACHING\OBJECTORIENTEDPROGRAMMING\ASSIGNMENTS\HW02_201802\OOP_HW02_TEMPLATE_NET2010_201802\RELEASE\IMAGEREADER.OBJ
D:\USERS\WINGO\TEACHING\OBJECTORIENTEDPROGRAMMING\ASSIGNMENTS\HW02_201802\OOP_HW02_TEMPLATE_NET2010_201802\RELEASE\LATTICE_MANAGER.OBJ
D:\users\wingo\teaching\ObjectOrientedProgramming\assignments\hw02_201802\OOP_HW02_Template_NET2010_201802\Release\link.command.1.tlog
D:\users\wingo\teaching\ObjectOrientedProgramming\assignments\hw02_201802\OOP_HW02_Template_NET2010_201802\Release\link.read.1.tlog
D:\users\wingo\teaching\ObjectOrientedProgramming\assignments\hw02_201802\OOP_HW02_Template_NET2010_201802\Release\link.write.1.tlog
D:\USERS\WINGO\TEACHING\OBJECTORIENTEDPROGRAMMING\ASSIGNMENTS\HW02_201802\OOP_HW02_TEMPLATE_NET2010_201802\RELEASE\MAIN.OBJ
D:\users\wingo\teaching\ObjectOrientedProgramming\assignments\hw02_201802\OOP_HW02_Template_NET2010_201802\Release\mt.command.1.tlog
D:\users\wingo\teaching\ObjectOrientedProgramming\assignments\hw02_201802\OOP_HW02_Template_NET2010_201802\Release\mt.read.1.tlog
D:\users\wingo\teaching\ObjectOrientedProgramming\assignments\hw02_201802\OOP_HW02_Template_NET2010_201802\Release\mt.write.1.tlog
D:\USERS\WINGO\TEACHING\OBJECTORIENTEDPROGRAMMING\ASSIGNMENTS\HW02_201802\OOP_HW02_TEMPLATE_NET2010_201802\RELEASE\MYBASICTOOLS.OBJ
D:\USERS\WINGO\TEACHING\OBJECTORIENTEDPROGRAMMING\ASSIGNMENTS\HW02_201802\OOP_HW02_TEMPLATE_NET2010_201802\RELEASE\MYSYSTEM_COLORPALETTE.OBJ
D:\USERS\WINGO\TEACHING\OBJECTORIENTEDPROGRAMMING\ASSIGNMENTS\HW02_201802\OOP_HW02_TEMPLATE_NET2010_201802\RELEASE\MYSYSTEM_GALAXYSYSTEM.OBJ
D:\USERS\WINGO\TEACHING\OBJECTORIENTEDPROGRAMMING\ASSIGNMENTS\HW02_201802\OOP_HW02_TEMPLATE_NET2010_201802\RELEASE\MYSYSTEM_MONTECARLO.OBJ
D:\USERS\WINGO\TEACHING\OBJECTORIENTEDPROGRAMMING\ASSIGNMENTS\HW02_201802\OOP_HW02_TEMPLATE_NET2010_201802\RELEASE\MYSYSTEM_SIMPLEFILEEDITOR.OBJ
D:\USERS\WINGO\TEACHING\OBJECTORIENTEDPROGRAMMING\ASSIGNMENTS\HW02_201802\OOP_HW02_TEMPLATE_NET2010_201802\RELEASE\MYSYSTEM_SIMPLEPAINTER.OBJ
D:\USERS\WINGO\TEACHING\OBJECTORIENTEDPROGRAMMING\ASSIGNMENTS\HW02_201802\OOP_HW02_TEMPLATE_NET2010_201802\RELEASE\MYSYSTEM_SORTINGVISUALIZATION.OBJ
D:\USERS\WINGO\TEACHING\OBJECTORIENTEDPROGRAMMING\ASSIGNMENTS\HW02_201802\OOP_HW02_TEMPLATE_NET2010_201802\RELEASE\MYSYSTEMAPP.OBJ
D:\USERS\WINGO\TEACHING\OBJECTORIENTEDPROGRAMMING\ASSIGNMENTS\HW02_201802\OOP_HW02_TEMPLATE_NET2010_201802\RELEASE\MYSYSTEMAPP_DRAW.OBJ
D:\USERS\WINGO\TEACHING\OBJECTORIENTEDPROGRAMMING\ASSIGNMENTS\HW02_201802\OOP_HW02_TEMPLATE_NET2010_201802\RELEASE\MYSYSTEMAPP_HANDLEEVENTS.OBJ
D:\USERS\WINGO\TEACHING\OBJECTORIENTEDPROGRAMMING\ASSIGNMENTS\HW02_201802\OOP_HW02_TEMPLATE_NET2010_201802\RELEASE\OPENGL_STUFF.OBJ
D:\USERS\WINGO\TEACHING\OBJECTORIENTEDPROGRAMMING\ASSIGNMENTS\HW02_201802\OOP_HW02_TEMPLATE_NET2010_201802\RELEASE\OPENGLAPP.EVENTS.OBJ
D:\USERS\WINGO\TEACHING\OBJECTORIENTEDPROGRAMMING\ASSIGNMENTS\HW02_201802\OOP_HW02_TEMPLATE_NET2010_201802\RELEASE\OPENGLAPP.OBJ
D:\USERS\WINGO\TEACHING\OBJECTORIENTEDPROGRAMMING\ASSIGNMENTS\HW02_201802\OOP_HW02_TEMPLATE_NET2010_201802\RELEASE\OPENGLAPP_DRAW.OBJ
D:\USERS\WINGO\TEACHING\OBJECTORIENTEDPROGRAMMING\ASSIGNMENTS\HW02_201802\OOP_HW02_TEMPLATE_NET2010_201802\RELEASE\OPENGLAPP_INIT.OBJ
D:\USERS\WINGO\TEACHING\OBJECTORIENTEDPROGRAMMING\ASSIGNMENTS\HW02_201802\OOP_HW02_TEMPLATE_NET2010_201802\RELEASE\OPENGLAPP_UPDATE.OBJ
D:\USERS\WINGO\TEACHING\OBJECTORIENTEDPROGRAMMING\ASSIGNMENTS\HW02_201802\OOP_HW02_TEMPLATE_NET2010_201802\RELEASE\PAINTER.OBJ
D:\USERS\WINGO\TEACHING\OBJECTORIENTEDPROGRAMMING\ASSIGNMENTS\HW02_201802\OOP_HW02_TEMPLATE_NET2010_201802\RELEASE\PAINTER_DRAW.OBJ
D:\USERS\WINGO\TEACHING\OBJECTORIENTEDPROGRAMMING\ASSIGNMENTS\HW02_201802\OOP_HW02_TEMPLATE_NET2010_201802\RELEASE\PAINTINGSYSTEM.OBJ
D:\USERS\WINGO\TEACHING\OBJECTORIENTEDPROGRAMMING\ASSIGNMENTS\HW02_201802\OOP_HW02_TEMPLATE_NET2010_201802\RELEASE\PAINTINGSYSTEMAPP.OBJ
D:\USERS\WINGO\TEACHING\OBJECTORIENTEDPROGRAMMING\ASSIGNMENTS\HW02_201802\OOP_HW02_TEMPLATE_NET2010_201802\RELEASE\PAINTINGSYSTEMAPP_DRAW.OBJ
D:\USERS\WINGO\TEACHING\OBJECTORIENTEDPROGRAMMING\ASSIGNMENTS\HW02_201802\OOP_HW02_TEMPLATE_NET2010_201802\RELEASE\PAINTINGSYSTEMAPP_HANDLEEVENTS.OBJ
D:\USERS\WINGO\TEACHING\OBJECTORIENTEDPROGRAMMING\ASSIGNMENTS\HW02_201802\OOP_HW02_TEMPLATE_NET2010_201802\RELEASE\PROVIDER.OBJ
D:\USERS\WINGO\TEACHING\OBJECTORIENTEDPROGRAMMING\ASSIGNMENTS\HW02_201802\OOP_HW02_TEMPLATE_NET2010_201802\RELEASE\SELFMOTIVATEDSYSTEM.EXE.INTERMEDIATE.MANIFEST
D:\USERS\WINGO\TEACHING\OBJECTORIENTEDPROGRAMMING\ASSIGNMENTS\HW02_201802\OOP_HW02_TEMPLATE_NET2010_201802\RELEASE\SELFMOTIVATEDSYSTEM.PDB
D:\users\wingo\teaching\ObjectOrientedProgramming\assignments\hw02_201802\OOP_HW02_Template_NET2010_201802\Release\SelfMotivatedSystem.write.1.tlog
D:\USERS\WINGO\TEACHING\OBJECTORIENTEDPROGRAMMING\ASSIGNMENTS\HW02_201802\OOP_HW02_TEMPLATE_NET2010_201802\RELEASE\TEXTURE.OBJ
D:\USERS\WINGO\TEACHING\OBJECTORIENTEDPROGRAMMING\ASSIGNMENTS\HW02_201802\OOP_HW02_TEMPLATE_NET2010_201802\RELEASE\TEXTUREMANAGER.OBJ
D:\USERS\WINGO\TEACHING\OBJECTORIENTEDPROGRAMMING\ASSIGNMENTS\HW02_201802\OOP_HW02_TEMPLATE_NET2010_201802\RELEASE\TEXTUREMANAGER_READ.OBJ
D:\USERS\WINGO\TEACHING\OBJECTORIENTEDPROGRAMMING\ASSIGNMENTS\HW02_201802\OOP_HW02_TEMPLATE_NET2010_201802\RELEASE\VC100.PDB
D:\USERS\WINGO\TEACHING\OBJECTORIENTEDPROGRAMMING\ASSIGNMENTS\HW02_201802\OOP_HW02_TEMPLATE_NET2010_201802\RELEASE\VECTOR3D.OBJ
